e:\رابعة حاسبات\computer graphics\labs\assignment1\assignment1\debug\assignment1.pch
e:\رابعة حاسبات\computer graphics\labs\assignment1\assignment1\debug\vc141.pdb
e:\رابعة حاسبات\computer graphics\labs\assignment1\assignment1\debug\stdafx.obj
e:\رابعة حاسبات\computer graphics\labs\assignment1\assignment1\debug\assignment1.obj
e:\رابعة حاسبات\computer graphics\labs\assignment1\assignment1\debug\assemblyinfo.obj
e:\رابعة حاسبات\computer graphics\labs\assignment1\assignment1\debug\.netframework,version=v4.6.1.assemblyattributes.obj
e:\رابعة حاسبات\computer graphics\labs\assignment1\assignment1\debug\.netframework,version=v4.6.1.assemblyattributes.asm
e:\رابعة حاسبات\computer graphics\labs\assignment1\debug\assignment1.exe
e:\رابعة حاسبات\computer graphics\labs\assignment1\debug\assignment1.pdb
e:\رابعة حاسبات\computer graphics\labs\assignment1\assignment1\debug\app.res
e:\رابعة حاسبات\computer graphics\labs\assignment1\assignment1\debug\assignment1.vcxprojassemblyreference.cache
e:\رابعة حاسبات\computer graphics\labs\assignment1\assignment1\debug\assignment1.tlog\cl.command.1.tlog
e:\رابعة حاسبات\computer graphics\labs\assignment1\assignment1\debug\assignment1.tlog\cl.read.1.tlog
e:\رابعة حاسبات\computer graphics\labs\assignment1\assignment1\debug\assignment1.tlog\cl.write.1.tlog
e:\رابعة حاسبات\computer graphics\labs\assignment1\assignment1\debug\assignment1.tlog\link.command.1.tlog
e:\رابعة حاسبات\computer graphics\labs\assignment1\assignment1\debug\assignment1.tlog\link.read.1.tlog
e:\رابعة حاسبات\computer graphics\labs\assignment1\assignment1\debug\assignment1.tlog\link.write.1.tlog
e:\رابعة حاسبات\computer graphics\labs\assignment1\assignment1\debug\assignment1.tlog\metagen.read.1.tlog
e:\رابعة حاسبات\computer graphics\labs\assignment1\assignment1\debug\assignment1.tlog\metagen.write.1.tlog
e:\رابعة حاسبات\computer graphics\labs\assignment1\assignment1\debug\assignment1.tlog\rc.command.1.tlog
e:\رابعة حاسبات\computer graphics\labs\assignment1\assignment1\debug\assignment1.tlog\rc.read.1.tlog
e:\رابعة حاسبات\computer graphics\labs\assignment1\assignment1\debug\assignment1.tlog\rc.write.1.tlog
